[0.415s] Invoking command in '/home/minseok/unibotsuk24_ws/src/robusta': PYTHONPATH=/home/minseok/unibotsuk24_ws/build/robusta/prefix_override:/home/minseok/unibotsuk24_ws/install/robusta/lib/python3.10/site-packages:${PYTHONPATH} /usr/bin/python3 setup.py egg_info --egg-base ../../build/robusta build --build-base /home/minseok/unibotsuk24_ws/build/robusta/build install --record /home/minseok/unibotsuk24_ws/build/robusta/install.log --single-version-externally-managed
[0.554s] running egg_info
[0.554s] writing ../../build/robusta/robusta.egg-info/PKG-INFO
[0.554s] writing dependency_links to ../../build/robusta/robusta.egg-info/dependency_links.txt
[0.555s] writing entry points to ../../build/robusta/robusta.egg-info/entry_points.txt
[0.555s] writing requirements to ../../build/robusta/robusta.egg-info/requires.txt
[0.555s] writing top-level names to ../../build/robusta/robusta.egg-info/top_level.txt
[0.555s] reading manifest file '../../build/robusta/robusta.egg-info/SOURCES.txt'
[0.556s] adding license file 'LICENSE'
[0.556s] writing manifest file '../../build/robusta/robusta.egg-info/SOURCES.txt'
[0.556s] running build
[0.556s] running build_py
[0.556s] copying robusta/send_decision.py -> /home/minseok/unibotsuk24_ws/build/robusta/build/lib/robusta
[0.556s] running install
[0.557s] /usr/lib/python3/dist-packages/setuptools/command/install.py:34: SetuptoolsDeprecationWarning: setup.py install is deprecated. Use build and pip and other standards-based tools.
[0.557s]   warnings.warn(
[0.557s] running install_lib
[0.557s] copying /home/minseok/unibotsuk24_ws/build/robusta/build/lib/robusta/send_decision.py -> /home/minseok/unibotsuk24_ws/install/robusta/lib/python3.10/site-packages/robusta
[0.557s] byte-compiling /home/minseok/unibotsuk24_ws/install/robusta/lib/python3.10/site-packages/robusta/send_decision.py to send_decision.cpython-310.pyc
[0.558s] running install_data
[0.558s] running install_egg_info
[0.559s] removing '/home/minseok/unibotsuk24_ws/install/robusta/lib/python3.10/site-packages/robusta-0.0.0-py3.10.egg-info' (and everything under it)
[0.560s] Copying ../../build/robusta/robusta.egg-info to /home/minseok/unibotsuk24_ws/install/robusta/lib/python3.10/site-packages/robusta-0.0.0-py3.10.egg-info
[0.560s] running install_scripts
[0.575s] Installing talker script to /home/minseok/unibotsuk24_ws/install/robusta/lib/robusta
[0.575s] writing list of installed files to '/home/minseok/unibotsuk24_ws/build/robusta/install.log'
[0.603s] Invoked command in '/home/minseok/unibotsuk24_ws/src/robusta' returned '0': PYTHONPATH=/home/minseok/unibotsuk24_ws/build/robusta/prefix_override:/home/minseok/unibotsuk24_ws/install/robusta/lib/python3.10/site-packages:${PYTHONPATH} /usr/bin/python3 setup.py egg_info --egg-base ../../build/robusta build --build-base /home/minseok/unibotsuk24_ws/build/robusta/build install --record /home/minseok/unibotsuk24_ws/build/robusta/install.log --single-version-externally-managed
