[0.350s] Invoking command in '/home/minseok/unibotsuk24_ws/src/robusta': PYTHONPATH=/home/minseok/unibotsuk24_ws/build/robusta/prefix_override:/home/minseok/unibotsuk24_ws/install/robusta/lib/python3.10/site-packages:${PYTHONPATH} /usr/bin/python3 setup.py egg_info --egg-base ../../build/robusta build --build-base /home/minseok/unibotsuk24_ws/build/robusta/build install --record /home/minseok/unibotsuk24_ws/build/robusta/install.log --single-version-externally-managed
[0.459s] running egg_info
[0.460s] writing ../../build/robusta/robusta.egg-info/PKG-INFO
[0.460s] writing dependency_links to ../../build/robusta/robusta.egg-info/dependency_links.txt
[0.460s] writing entry points to ../../build/robusta/robusta.egg-info/entry_points.txt
[0.460s] writing requirements to ../../build/robusta/robusta.egg-info/requires.txt
[0.460s] writing top-level names to ../../build/robusta/robusta.egg-info/top_level.txt
[0.461s] reading manifest file '../../build/robusta/robusta.egg-info/SOURCES.txt'
[0.461s] adding license file 'LICENSE'
[0.461s] writing manifest file '../../build/robusta/robusta.egg-info/SOURCES.txt'
[0.461s] running build
[0.461s] running build_py
[0.461s] running install
[0.462s] running install_lib
[0.462s] /usr/lib/python3/dist-packages/setuptools/command/install.py:34: SetuptoolsDeprecationWarning: setup.py install is deprecated. Use build and pip and other standards-based tools.
[0.462s]   warnings.warn(
[0.462s] running install_data
[0.462s] running install_egg_info
[0.463s] removing '/home/minseok/unibotsuk24_ws/install/robusta/lib/python3.10/site-packages/robusta-0.0.0-py3.10.egg-info' (and everything under it)
[0.463s] Copying ../../build/robusta/robusta.egg-info to /home/minseok/unibotsuk24_ws/install/robusta/lib/python3.10/site-packages/robusta-0.0.0-py3.10.egg-info
[0.464s] running install_scripts
[0.475s] writing list of installed files to '/home/minseok/unibotsuk24_ws/build/robusta/install.log'
[0.488s] Invoked command in '/home/minseok/unibotsuk24_ws/src/robusta' returned '0': PYTHONPATH=/home/minseok/unibotsuk24_ws/build/robusta/prefix_override:/home/minseok/unibotsuk24_ws/install/robusta/lib/python3.10/site-packages:${PYTHONPATH} /usr/bin/python3 setup.py egg_info --egg-base ../../build/robusta build --build-base /home/minseok/unibotsuk24_ws/build/robusta/build install --record /home/minseok/unibotsuk24_ws/build/robusta/install.log --single-version-externally-managed
